app/build/intermediates/manifest_merge_blame_file/debug/manifest-merger-blame-debug-report.txt
1<?xml version="1.0" encoding="utf-8"?>
2<manifest xmlns:android="http://schemas.android.com/apk/res/android"
3    package="com.example.finalproject"
4    android:versionCode="1"
5    android:versionName="1.0" >
6
7    <uses-sdk
8        android:minSdkVersion="21"
8-->src/main/AndroidManifest.xml
9        android:targetSdkVersion="29" />
9-->src/main/AndroidManifest.xml
10
11    <!-- Include required permissions for Google Mobile Ads to run -->
12    <uses-permission android:name="android.permission.INTERNET" />
12-->[com.google.android.gms:play-services-ads-lite:18.3.0] AndroidManifest.xml:23:5-67
12-->[com.google.android.gms:play-services-ads-lite:18.3.0] AndroidManifest.xml:23:22-64
13    <uses-permission android:name="android.permission.ACCESS_NETWORK_STATE" />
13-->[com.google.android.gms:play-services-ads-lite:18.3.0] AndroidManifest.xml:24:5-79
13-->[com.google.android.gms:play-services-ads-lite:18.3.0] AndroidManifest.xml:24:22-76
14    <uses-permission android:name="android.permission.WAKE_LOCK" />
14-->[com.google.android.gms:play-services-measurement-sdk-api:17.1.0] AndroidManifest.xml:25:5-68
14-->[com.google.android.gms:play-services-measurement-sdk-api:17.1.0] AndroidManifest.xml:25:22-65
15
16    <application
16-->src/main/AndroidManifest.xml:5:5-28:19
17        android:allowBackup="true"
17-->src/main/AndroidManifest.xml:6:9-35
18        android:appComponentFactory="androidx.core.app.CoreComponentFactory"
18-->[androidx.core:core:1.0.2] AndroidManifest.xml:22:18-86
19        android:debuggable="true"
20        android:icon="@mipmap/beer_mug"
20-->src/main/AndroidManifest.xml:7:9-40
21        android:label="Beer Die Tracker"
21-->src/main/AndroidManifest.xml:8:9-41
22        android:roundIcon="@mipmap/beer_mug"
22-->src/main/AndroidManifest.xml:9:9-45
23        android:supportsRtl="true"
23-->src/main/AndroidManifest.xml:10:9-35
24        android:testOnly="true"
25        android:theme="@style/AppTheme" >
25-->src/main/AndroidManifest.xml:11:9-40
26        <activity android:name="com.example.finalproject.MainActivity" >
26-->src/main/AndroidManifest.xml:13:9-19:20
26-->src/main/AndroidManifest.xml:13:19-47
27            <intent-filter>
27-->src/main/AndroidManifest.xml:14:13-18:29
28                <action android:name="android.intent.action.MAIN" />
28-->src/main/AndroidManifest.xml:15:17-69
28-->src/main/AndroidManifest.xml:15:25-66
29
30                <category android:name="android.intent.category.LAUNCHER" />
30-->src/main/AndroidManifest.xml:17:17-77
30-->src/main/AndroidManifest.xml:17:27-74
31            </intent-filter>
32        </activity>
33        <activity android:name="com.example.finalproject.SelectionActivity" />
33-->src/main/AndroidManifest.xml:20:9-55
33-->src/main/AndroidManifest.xml:20:19-52
34        <activity android:name="com.example.finalproject.GameActivity" />
34-->src/main/AndroidManifest.xml:21:9-50
34-->src/main/AndroidManifest.xml:21:19-47
35        <activity android:name="com.example.finalproject.StatsActivity" />
35-->src/main/AndroidManifest.xml:22:9-51
35-->src/main/AndroidManifest.xml:22:19-48
36        <activity android:name="com.example.finalproject.RulesActivity" />
36-->src/main/AndroidManifest.xml:23:9-51
36-->src/main/AndroidManifest.xml:23:19-48
37
38        <meta-data
38-->src/main/AndroidManifest.xml:25:9-27:69
39            android:name="com.google.android.gms.ads.APPLICATION_ID"
39-->src/main/AndroidManifest.xml:26:13-69
40            android:value="ca-app-pub-9915897781430871~1165119074" />
40-->src/main/AndroidManifest.xml:27:13-67
41
42        <service
42-->[androidx.room:room-runtime:2.2.1] AndroidManifest.xml:25:9-27:40
43            android:name="androidx.room.MultiInstanceInvalidationService"
43-->[androidx.room:room-runtime:2.2.1] AndroidManifest.xml:26:13-74
44            android:exported="false" /> <!-- Include the AdActivity and InAppPurchaseActivity configChanges and themes. -->
44-->[androidx.room:room-runtime:2.2.1] AndroidManifest.xml:27:13-37
45        <activity
45-->[com.google.android.gms:play-services-ads-lite:18.3.0] AndroidManifest.xml:29:9-33:64
46            android:name="com.google.android.gms.ads.AdActivity"
46-->[com.google.android.gms:play-services-ads-lite:18.3.0] AndroidManifest.xml:30:13-65
47            android:configChanges="keyboard|keyboardHidden|orientation|screenLayout|uiMode|screenSize|smallestScreenSize"
47-->[com.google.android.gms:play-services-ads-lite:18.3.0] AndroidManifest.xml:31:13-122
48            android:exported="false"
48-->[com.google.android.gms:play-services-ads-lite:18.3.0] AndroidManifest.xml:32:13-37
49            android:theme="@android:style/Theme.Translucent" />
49-->[com.google.android.gms:play-services-ads-lite:18.3.0] AndroidManifest.xml:33:13-61
50
51        <provider
51-->[com.google.android.gms:play-services-ads-lite:18.3.0] AndroidManifest.xml:35:9-39:39
52            android:name="com.google.android.gms.ads.MobileAdsInitProvider"
52-->[com.google.android.gms:play-services-ads-lite:18.3.0] AndroidManifest.xml:36:13-76
53            android:authorities="com.example.finalproject.mobileadsinitprovider"
53-->[com.google.android.gms:play-services-ads-lite:18.3.0] AndroidManifest.xml:37:13-73
54            android:exported="false"
54-->[com.google.android.gms:play-services-ads-lite:18.3.0] AndroidManifest.xml:38:13-37
55            android:initOrder="100" />
55-->[com.google.android.gms:play-services-ads-lite:18.3.0] AndroidManifest.xml:39:13-36
56
57        <meta-data
57-->[com.google.android.gms:play-services-basement:17.0.0] AndroidManifest.xml:23:9-25:69
58            android:name="com.google.android.gms.version"
58-->[com.google.android.gms:play-services-basement:17.0.0] AndroidManifest.xml:24:13-58
59            android:value="@integer/google_play_services_version" />
59-->[com.google.android.gms:play-services-basement:17.0.0] AndroidManifest.xml:25:13-66
60
61        <provider
61-->[androidx.lifecycle:lifecycle-process:2.1.0] AndroidManifest.xml:23:9-27:43
62            android:name="androidx.lifecycle.ProcessLifecycleOwnerInitializer"
62-->[androidx.lifecycle:lifecycle-process:2.1.0] AndroidManifest.xml:24:13-79
63            android:authorities="com.example.finalproject.lifecycle-process"
63-->[androidx.lifecycle:lifecycle-process:2.1.0] AndroidManifest.xml:25:13-69
64            android:exported="false"
64-->[androidx.lifecycle:lifecycle-process:2.1.0] AndroidManifest.xml:26:13-37
65            android:multiprocess="true" />
65-->[androidx.lifecycle:lifecycle-process:2.1.0] AndroidManifest.xml:27:13-40
66    </application>
67
68</manifest>